<?xml version="1.0" encoding="UTF-8"?>
<!-- Generated by org.testng.reporters.JUnitReportReporter -->
<testsuite hostname="CFLNAVALUR4976" failures="0" tests="1" name="come.virtusa.SDET.CapstoneScripts.WiFiCheck" time="21.371" errors="0" timestamp="2024-05-02T12:42:42 IST" skipped="0">
  <testcase classname="come.virtusa.SDET.CapstoneScripts.WiFiCheck" name="setupWifi" time="21.371"/>
</testsuite> <!-- come.virtusa.SDET.CapstoneScripts.WiFiCheck -->
