<?xml version="1.0" encoding="UTF-8"?>
<!-- Generated by org.testng.reporters.JUnitReportReporter -->
<testsuite hostname="CFLNAVALUR4976" failures="0" tests="1" name="com.qa.demopages.Login" time="17.855" errors="0" timestamp="2024-03-12T14:41:24 IST" skipped="0">
  <testcase classname="com.qa.demopages.Login" name="start" time="17.855"/>
</testsuite> <!-- com.qa.demopages.Login -->
