<?xml version="1.0" encoding="UTF-8"?>
<!-- Generated by org.testng.reporters.JUnitReportReporter -->
<testsuite hostname="CFLNAVALUR4976" failures="0" tests="1" name="com.qa.packages.Tc_Negativelogin" time="9.380" errors="0" timestamp="2024-03-18T10:54:09 IST" skipped="0">
  <testcase classname="com.qa.packages.Tc_Negativelogin" name="negative" time="9.380"/>
</testsuite> <!-- com.qa.packages.Tc_Negativelogin -->
